<?xml version="1.0" encoding="UTF-8"?>
<testng-results ignored="0" total="2" passed="2" failed="0" skipped="0">
  <reporter-output>
  </reporter-output>
  <suite started-at="2020-05-18T07:32:09Z" name="Default suite" finished-at="2020-05-18T07:32:46Z" duration-ms="36253">
    <groups>
    </groups>
    <test started-at="2020-05-18T07:32:09Z" name="Default test" finished-at="2020-05-18T07:32:46Z" duration-ms="36253">
      <class name="com.training.sanity.tests.ELTC_040_AddProjectdetail">
        <test-method is-config="true" signature="setUpBeforeClass()[pri:0, instance:com.training.sanity.tests.ELTC_040_AddProjectdetail@3e3047e6]" started-at="2020-05-18T13:02:09Z" name="setUpBeforeClass" finished-at="2020-05-18T13:02:09Z" duration-ms="22" status="PASS">
          <reporter-output>
          </reporter-output>
        </test-method> <!-- setUpBeforeClass -->
        <test-method is-config="true" signature="setUp()[pri:0, instance:com.training.sanity.tests.ELTC_040_AddProjectdetail@3e3047e6]" started-at="2020-05-18T13:02:09Z" name="setUp" finished-at="2020-05-18T13:02:20Z" duration-ms="10319" status="PASS">
          <reporter-output>
          </reporter-output>
        </test-method> <!-- setUp -->
        <test-method signature="validLoginTest()[pri:0, instance:com.training.sanity.tests.ELTC_040_AddProjectdetail@3e3047e6]" started-at="2020-05-18T13:02:20Z" name="validLoginTest" finished-at="2020-05-18T13:02:28Z" duration-ms="8678" status="PASS">
          <reporter-output>
          </reporter-output>
        </test-method> <!-- validLoginTest -->
        <test-method signature="Coursecatalog()[pri:1, instance:com.training.sanity.tests.ELTC_040_AddProjectdetail@3e3047e6]" started-at="2020-05-18T13:02:28Z" name="Coursecatalog" finished-at="2020-05-18T13:02:46Z" duration-ms="17193" status="PASS">
          <reporter-output>
          </reporter-output>
        </test-method> <!-- Coursecatalog -->
      </class> <!-- com.training.sanity.tests.ELTC_040_AddProjectdetail -->
    </test> <!-- Default test -->
  </suite> <!-- Default suite -->
</testng-results>
