<?xml version="1.0" encoding="UTF-8"?>
<!-- Generated by org.testng.reporters.JUnitXMLReporter -->
<testsuite ignored="0" hostname="DESKTOP-J1HCGMD" failures="0" tests="2" name="Default test" time="36.253" errors="0" timestamp="18 May 2020 07:32:46 GMT">
  <testcase classname="com.training.sanity.tests.ELTC_040_AddProjectdetail" name="validLoginTest" time="8.678"/>
  <testcase classname="com.training.sanity.tests.ELTC_040_AddProjectdetail" name="Coursecatalog" time="17.193"/>
</testsuite> <!-- Default test -->
